Unity Editor version:    2021.3.0f1 (6eacc8284459)
Branch:                  2021.3/staging
Build type:              Release
Batch mode:              YES
macOS version:           Version 12.3.1 (Build 21E258)
Darwin version:          21.4.0
Architecture:            arm64
Running under Rosetta:   NO
Available memory:        65536 MB
Using pre-set license
Pro License: YES

COMMAND LINE ARGUMENTS:
/Applications/Unity/Hub/Editor/2021.3.0f1/Unity.app/Contents/MacOS/Unity
-adb2
-batchMode
-noUpm
-name
AssetImportWorker1
-projectPath
/Users/yeoyongzeng/Desktop/UnityExamQuestion/UnityExam
-logFile
Logs/AssetImportWorker1.log
-srvPort
65322
Successfully changed project path to: /Users/yeoyongzeng/Desktop/UnityExamQuestion/UnityExam
/Users/yeoyongzeng/Desktop/UnityExamQuestion/UnityExam
[UnityMemory] Configuration Parameters - Can be set up in boot.config
    "memorysetup-bucket-allocator-granularity=16"
    "memorysetup-bucket-allocator-bucket-count=8"
    "memorysetup-bucket-allocator-block-size=33554432"
    "memorysetup-bucket-allocator-block-count=8"
    "memorysetup-main-allocator-block-size=16777216"
    "memorysetup-thread-allocator-block-size=16777216"
    "memorysetup-gfx-main-allocator-block-size=16777216"
    "memorysetup-gfx-thread-allocator-block-size=16777216"
    "memorysetup-cache-allocator-block-size=4194304"
    "memorysetup-typetree-allocator-block-size=2097152"
    "memorysetup-profiler-bucket-allocator-granularity=16"
    "memorysetup-profiler-bucket-allocator-bucket-count=8"
    "memorysetup-profiler-bucket-allocator-block-size=33554432"
    "memorysetup-profiler-bucket-allocator-block-count=8"
    "memorysetup-profiler-allocator-block-size=16777216"
    "memorysetup-profiler-editor-allocator-block-size=1048576"
    "memorysetup-temp-allocator-size-main=16777216"
    "memorysetup-job-temp-allocator-block-size=2097152"
    "memorysetup-job-temp-allocator-block-size-background=1048576"
    "memorysetup-job-temp-allocator-reduction-small-platforms=262144"
    "memorysetup-temp-allocator-size-background-worker=32768"
    "memorysetup-temp-allocator-size-job-worker=262144"
    "memorysetup-temp-allocator-size-preload-manager=33554432"
    "memorysetup-temp-allocator-size-nav-mesh-worker=65536"
    "memorysetup-temp-allocator-size-audio-worker=65536"
    "memorysetup-temp-allocator-size-cloud-worker=32768"
    "memorysetup-temp-allocator-size-gi-baking-worker=262144"
    "memorysetup-temp-allocator-size-gfx=262144"
Refreshing native plugins compatible for Editor in 61.93 ms, found 2 plugins.
Preloading 0 native plugins for Editor in 0.00 ms.
Initialize engine version: 2021.3.0f1 (6eacc8284459)
[Subsystems] Discovering subsystems at path /Applications/Unity/Hub/Editor/2021.3.0f1/Unity.app/Contents/Resources/UnitySubsystems
[Subsystems] Discovering subsystems at path /Users/yeoyongzeng/Desktop/UnityExamQuestion/UnityExam/Assets
GfxDevice: creating device client; threaded=0; jobified=0
 preferred device: Apple M1 Max (high power)
Metal devices available: 1
0: Apple M1 Max (high power)
Using device Apple M1 Max (high power)
Initializing Metal device caps: Apple M1 Max
Initialize mono
Mono path[0] = '/Applications/Unity/Hub/Editor/2021.3.0f1/Unity.app/Contents/Managed'
Mono path[1] = '/Applications/Unity/Hub/Editor/2021.3.0f1/Unity.app/Contents/MonoBleedingEdge/lib/mono/unityjit-macos'
Mono config path = '/Applications/Unity/Hub/Editor/2021.3.0f1/Unity.app/Contents/MonoBleedingEdge/etc'
Using monoOptions --debugger-agent=transport=dt_socket,embedding=1,server=y,suspend=n,address=127.0.0.1:56804
Begin MonoManager ReloadAssembly
Registering precompiled unity dll's ...
Register platform support module: /Applications/Unity/Hub/Editor/2021.3.0f1/Unity.app/Contents/PlaybackEngines/MacStandaloneSupport/UnityEditor.OSXStandalone.Extensions.dll
Registered in 0.000353 seconds.
Native extension for OSXStandalone target not found
Refreshing native plugins compatible for Editor in 66.82 ms, found 2 plugins.
Preloading 0 native plugins for Editor in 0.00 ms.
Mono: successfully reloaded assembly
- Completed reload, in  0.363 seconds
Domain Reload Profiling:
	ReloadAssembly (363ms)
		BeginReloadAssembly (27ms)
			ExecutionOrderSort (0ms)
			DisableScriptedObjects (0ms)
			BackupInstance (0ms)
			ReleaseScriptingObjects (0ms)
			CreateAndSetChildDomain (0ms)
		EndReloadAssembly (274ms)
			LoadAssemblies (26ms)
			RebuildTransferFunctionScriptingTraits (0ms)
			SetupTypeCache (63ms)
			ReleaseScriptCaches (0ms)
			RebuildScriptCaches (19ms)
			SetupLoadedEditorAssemblies (167ms)
				LogAssemblyErrors (0ms)
				InitializePlatformSupportModulesInManaged (3ms)
				SetLoadedEditorAssemblies (0ms)
				RefreshPlugins (67ms)
				BeforeProcessingInitializeOnLoad (1ms)
				ProcessInitializeOnLoadAttributes (70ms)
				ProcessInitializeOnLoadMethodAttributes (25ms)
				AfterProcessingInitializeOnLoad (0ms)
				EditorAssembliesLoaded (0ms)
			ExecutionOrderSort2 (0ms)
			AwakeInstancesAfterBackupRestoration (0ms)
Platform modules already initialized, skipping
Registering precompiled user dll's ...
Registered in 0.001082 seconds.
Begin MonoManager ReloadAssembly
Symbol file LoadedFromMemory doesn't match image /Users/yeoyongzeng/Desktop/UnityExamQuestion/UnityExam/Library/PackageCache/com.unity.visualscripting@1.7.6/Editor/VisualScripting.Core/Dependencies/YamlDotNet/Unity.VisualScripting.YamlDotNet.dll
Symbol file LoadedFromMemory is not a mono symbol file
Symbol file LoadedFromMemory doesn't match image /Users/yeoyongzeng/Desktop/UnityExamQuestion/UnityExam/Library/PackageCache/com.unity.visualscripting@1.7.6/Editor/VisualScripting.Core/Dependencies/DotNetZip/Unity.VisualScripting.IonicZip.dll
Native extension for OSXStandalone target not found
Refreshing native plugins compatible for Editor in 0.34 ms, found 2 plugins.
Preloading 0 native plugins for Editor in 0.00 ms.
Mono: successfully reloaded assembly
- Completed reload, in  0.526 seconds
Domain Reload Profiling:
	ReloadAssembly (527ms)
		BeginReloadAssembly (52ms)
			ExecutionOrderSort (0ms)
			DisableScriptedObjects (4ms)
			BackupInstance (0ms)
			ReleaseScriptingObjects (0ms)
			CreateAndSetChildDomain (12ms)
		EndReloadAssembly (410ms)
			LoadAssemblies (32ms)
			RebuildTransferFunctionScriptingTraits (0ms)
			SetupTypeCache (143ms)
			ReleaseScriptCaches (0ms)
			RebuildScriptCaches (30ms)
			SetupLoadedEditorAssemblies (180ms)
				LogAssemblyErrors (0ms)
				InitializePlatformSupportModulesInManaged (2ms)
				SetLoadedEditorAssemblies (0ms)
				RefreshPlugins (0ms)
				BeforeProcessingInitializeOnLoad (50ms)
				ProcessInitializeOnLoadAttributes (114ms)
				ProcessInitializeOnLoadMethodAttributes (12ms)
				AfterProcessingInitializeOnLoad (1ms)
				EditorAssembliesLoaded (0ms)
			ExecutionOrderSort2 (0ms)
			AwakeInstancesAfterBackupRestoration (2ms)
Platform modules already initialized, skipping
========================================================================
Worker process is ready to serve import requests
Launching external process: /Applications/Unity/Hub/Editor/2021.3.0f1/Unity.app/Contents/Tools/UnityShaderCompiler
Launched and connected shader compiler UnityShaderCompiler after 0.04 seconds
Refreshing native plugins compatible for Editor in 0.35 ms, found 2 plugins.
Preloading 0 native plugins for Editor in 0.00 ms.
Unloading 3225 Unused Serialized files (Serialized files now loaded: 0)
Unloading 23 unused Assets / (95.6 KB). Loaded Objects now: 3685.
Memory consumption went from 221.2 MB to 221.1 MB.
Total: 2.054833 ms (FindLiveObjects: 0.090750 ms CreateObjectMapping: 0.036916 ms MarkObjects: 1.860042 ms  DeleteObjects: 0.066583 ms)

AssetImportParameters requested are different than current active one (requested -> active):
  custom:video-decoder-ogg-theora: a1e56fd34408186e4bbccfd4996cb3dc -> 
  custom:container-muxer-webm: aa71ff27fc2769a1b78a27578f13a17b -> 
  custom:container-demuxer-webm: 4f35f7cbe854078d1ac9338744f61a02 -> 
  custom:video-encoder-webm-vp8: eb34c28f22e8b96e1ab97ce403110664 -> 
  custom:framework-osx-AVFoundation: e770b220cccbd017edd2c1fefb359320 -> 
  custom:audio-encoder-webm-vorbis: bf7c407c2cedff20999df2af8eb42d56 -> 
  custom:container-demuxer-ogg: 62fdf1f143b41e24485cea50d1cbac27 -> 
  custom:video-decoder-webm-vp8: 9c59270c3fd7afecdb556c50c9e8de78 -> 
  custom:audio-decoder-ogg-vorbis: bf7c407c2cedff20999df2af8eb42d56 -> 
========================================================================
Received Import Request.
  Time since last request: 19173.519439 seconds.
  path: Assets/ArtAssets/Animations/ANI_Skill_01.fbx
  artifactKey: Guid(11b8e01116a4bba448b6495a9f398bc9) Importer(815301076,1909f56bfc062723c751e8b465ee728b)
Start importing Assets/ArtAssets/Animations/ANI_Skill_01.fbx using Guid(11b8e01116a4bba448b6495a9f398bc9) Importer(815301076,1909f56bfc062723c751e8b465ee728b)  -> (artifact id: '04b5271228e31ce94d95fb0d0dd04744') in 0.048738 seconds 
========================================================================
Received Import Request.
  Time since last request: 0.000057 seconds.
  path: Assets/ArtAssets/Animations/ANI_Attack_01.FBX
  artifactKey: Guid(a1453a32290871641aa8554dd086799d) Importer(815301076,1909f56bfc062723c751e8b465ee728b)
Start importing Assets/ArtAssets/Animations/ANI_Attack_01.FBX using Guid(a1453a32290871641aa8554dd086799d) Importer(815301076,1909f56bfc062723c751e8b465ee728b)  -> (artifact id: 'a61073f018d3f5d4a813b828aa433b13') in 0.021718 seconds 
========================================================================
Received Import Request.
  Time since last request: 0.000042 seconds.
  path: Assets/ArtAssets/Animations/ANI_Idle.FBX
  artifactKey: Guid(8f4f1bb5aec041348a0529ec0d3929d9) Importer(815301076,1909f56bfc062723c751e8b465ee728b)
Start importing Assets/ArtAssets/Animations/ANI_Idle.FBX using Guid(8f4f1bb5aec041348a0529ec0d3929d9) Importer(815301076,1909f56bfc062723c751e8b465ee728b)  -> (artifact id: '3ffd753bca14718d5a0b6d490695c949') in 0.003383 seconds 
========================================================================
Received Import Request.
  Time since last request: 0.000047 seconds.
  path: Assets/ArtAssets/Animations/ANI_Dodge.fbx
  artifactKey: Guid(caaf6ef992f716c4785000fd8b9ef5a3) Importer(815301076,1909f56bfc062723c751e8b465ee728b)
Start importing Assets/ArtAssets/Animations/ANI_Dodge.fbx using Guid(caaf6ef992f716c4785000fd8b9ef5a3) Importer(815301076,1909f56bfc062723c751e8b465ee728b)  -> (artifact id: '6d769c0f1f235eee5632861082c300cd') in 0.004807 seconds 
========================================================================
Received Import Request.
  Time since last request: 0.000056 seconds.
  path: Assets/ArtAssets/Materials/M_Player_Goggles.mat
  artifactKey: Guid(521e5ba750af8b249988abd791ee3b0d) Importer(815301076,1909f56bfc062723c751e8b465ee728b)
Start importing Assets/ArtAssets/Materials/M_Player_Goggles.mat using Guid(521e5ba750af8b249988abd791ee3b0d) Importer(815301076,1909f56bfc062723c751e8b465ee728b)  -> (artifact id: 'cb9d0056ff7a77cbd18cb125bcc43863') in 0.081618 seconds 
========================================================================
Received Import Request.
  Time since last request: 0.000061 seconds.
  path: Assets/ArtAssets/Materials/M_Player_Main.mat
  artifactKey: Guid(76ea735698d320e4aae46c4e2df25f8a) Importer(815301076,1909f56bfc062723c751e8b465ee728b)
Start importing Assets/ArtAssets/Materials/M_Player_Main.mat using Guid(76ea735698d320e4aae46c4e2df25f8a) Importer(815301076,1909f56bfc062723c751e8b465ee728b)  -> (artifact id: 'e108d74473dc7990268a7cb69c1104f1') in 0.004351 seconds 
========================================================================
Received Import Request.
  Time since last request: 0.000031 seconds.
  path: Assets/ArtAssets/Materials/M_Weapon.mat
  artifactKey: Guid(a29352d6471d5fa4a9be837af91c04fe) Importer(815301076,1909f56bfc062723c751e8b465ee728b)
Start importing Assets/ArtAssets/Materials/M_Weapon.mat using Guid(a29352d6471d5fa4a9be837af91c04fe) Importer(815301076,1909f56bfc062723c751e8b465ee728b)  -> (artifact id: '7be12e61b8f18630e0a00478b60b5830') in 0.003667 seconds 
========================================================================
Received Import Request.
  Time since last request: 0.000031 seconds.
  path: Assets/ArtAssets/Animations/ANI_Hurt.FBX
  artifactKey: Guid(26c3ffb1c775aba47bb42e3d81fa122a) Importer(815301076,1909f56bfc062723c751e8b465ee728b)
Start importing Assets/ArtAssets/Animations/ANI_Hurt.FBX using Guid(26c3ffb1c775aba47bb42e3d81fa122a) Importer(815301076,1909f56bfc062723c751e8b465ee728b)  -> (artifact id: 'b947fcf40f9ff8cc686df2ccde1a1866') in 0.004674 seconds 
========================================================================
Received Import Request.
  Time since last request: 0.000033 seconds.
  path: Assets/ArtAssets/Animations/ANI_Skill_03.FBX
  artifactKey: Guid(f5e4534b3b562514b9d8450d0ec91356) Importer(815301076,1909f56bfc062723c751e8b465ee728b)
Start importing Assets/ArtAssets/Animations/ANI_Skill_03.FBX using Guid(f5e4534b3b562514b9d8450d0ec91356) Importer(815301076,1909f56bfc062723c751e8b465ee728b)  -> (artifact id: '822f0f8e2baa8a1dd872bff271627bff') in 0.004367 seconds 
========================================================================
Received Import Request.
  Time since last request: 0.000036 seconds.
  path: Assets/ArtAssets/Animations/ANI_Move.FBX
  artifactKey: Guid(3d831dc33a680f94ab6db863352a8a26) Importer(815301076,1909f56bfc062723c751e8b465ee728b)
Start importing Assets/ArtAssets/Animations/ANI_Move.FBX using Guid(3d831dc33a680f94ab6db863352a8a26) Importer(815301076,1909f56bfc062723c751e8b465ee728b)  -> (artifact id: '56e19daa963cb130a95cacfd3abd230a') in 0.004336 seconds 
========================================================================
Received Import Request.
  Time since last request: 0.000039 seconds.
  path: Assets/ArtAssets/Animations/ANI_Skill_02.fbx
  artifactKey: Guid(7f3b5ec4b0366984ba398fa8ee05e2ef) Importer(815301076,1909f56bfc062723c751e8b465ee728b)
Start importing Assets/ArtAssets/Animations/ANI_Skill_02.fbx using Guid(7f3b5ec4b0366984ba398fa8ee05e2ef) Importer(815301076,1909f56bfc062723c751e8b465ee728b)  -> (artifact id: '5c042b75efadefdb93ce264eea5c1a5f') in 0.004554 seconds 
========================================================================
Received Import Request.
  Time since last request: 0.000030 seconds.
  path: Assets/ArtAssets/Models/SK_Player_Dummy.FBX
  artifactKey: Guid(28d9858921bcecb4eb921f5360eb18d4) Importer(815301076,1909f56bfc062723c751e8b465ee728b)
Start importing Assets/ArtAssets/Models/SK_Player_Dummy.FBX using Guid(28d9858921bcecb4eb921f5360eb18d4) Importer(815301076,1909f56bfc062723c751e8b465ee728b)  -> (artifact id: 'd4a581e47c81a1b7dc01edc0cd78c8f7') in 0.207521 seconds 
========================================================================
Received Prepare
Registering precompiled user dll's ...
Registered in 0.000901 seconds.
Begin MonoManager ReloadAssembly
Thread 0x29022b000 may have been prematurely finalized
Symbol file LoadedFromMemory doesn't match image /Users/yeoyongzeng/Desktop/UnityExamQuestion/UnityExam/Library/PackageCache/com.unity.visualscripting@1.7.6/Editor/VisualScripting.Core/Dependencies/YamlDotNet/Unity.VisualScripting.YamlDotNet.dll
Symbol file LoadedFromMemory is not a mono symbol file
Symbol file LoadedFromMemory doesn't match image /Users/yeoyongzeng/Desktop/UnityExamQuestion/UnityExam/Library/PackageCache/com.unity.visualscripting@1.7.6/Editor/VisualScripting.Core/Dependencies/DotNetZip/Unity.VisualScripting.IonicZip.dll
Native extension for OSXStandalone target not found
Refreshing native plugins compatible for Editor in 0.31 ms, found 2 plugins.
Preloading 0 native plugins for Editor in 0.00 ms.
Mono: successfully reloaded assembly
- Completed reload, in  0.519 seconds
Domain Reload Profiling:
	ReloadAssembly (519ms)
		BeginReloadAssembly (66ms)
			ExecutionOrderSort (0ms)
			DisableScriptedObjects (2ms)
			BackupInstance (0ms)
			ReleaseScriptingObjects (0ms)
			CreateAndSetChildDomain (21ms)
		EndReloadAssembly (399ms)
			LoadAssemblies (29ms)
			RebuildTransferFunctionScriptingTraits (0ms)
			SetupTypeCache (150ms)
			ReleaseScriptCaches (1ms)
			RebuildScriptCaches (26ms)
			SetupLoadedEditorAssemblies (164ms)
				LogAssemblyErrors (0ms)
				InitializePlatformSupportModulesInManaged (5ms)
				SetLoadedEditorAssemblies (0ms)
				RefreshPlugins (0ms)
				BeforeProcessingInitializeOnLoad (37ms)
				ProcessInitializeOnLoadAttributes (109ms)
				ProcessInitializeOnLoadMethodAttributes (13ms)
				AfterProcessingInitializeOnLoad (1ms)
				EditorAssembliesLoaded (0ms)
			ExecutionOrderSort2 (0ms)
			AwakeInstancesAfterBackupRestoration (2ms)
Platform modules already initialized, skipping
Refreshing native plugins compatible for Editor in 0.50 ms, found 2 plugins.
Preloading 0 native plugins for Editor in 0.00 ms.
Unloading 3220 Unused Serialized files (Serialized files now loaded: 0)
Unloading 16 unused Assets / (71.9 KB). Loaded Objects now: 3731.
Memory consumption went from 251.5 MB to 251.5 MB.
Total: 2.018125 ms (FindLiveObjects: 0.095458 ms CreateObjectMapping: 0.036666 ms MarkObjects: 1.835917 ms  DeleteObjects: 0.049458 ms)

AssetImportParameters requested are different than current active one (requested -> active):
  custom:video-decoder-ogg-theora: a1e56fd34408186e4bbccfd4996cb3dc -> 
  custom:container-muxer-webm: aa71ff27fc2769a1b78a27578f13a17b -> 
  custom:container-demuxer-webm: 4f35f7cbe854078d1ac9338744f61a02 -> 
  custom:video-encoder-webm-vp8: eb34c28f22e8b96e1ab97ce403110664 -> 
  custom:framework-osx-AVFoundation: e770b220cccbd017edd2c1fefb359320 -> 
  custom:audio-encoder-webm-vorbis: bf7c407c2cedff20999df2af8eb42d56 -> 
  custom:container-demuxer-ogg: 62fdf1f143b41e24485cea50d1cbac27 -> 
  custom:video-decoder-webm-vp8: 9c59270c3fd7afecdb556c50c9e8de78 -> 
  custom:audio-decoder-ogg-vorbis: bf7c407c2cedff20999df2af8eb42d56 -> 
